2025-06-02 17:35:07.830039: I tensorflow/core/platform/cpu_feature_guard.cc:182] This TensorFlow binary is optimized to use available CPU instructions in performance-critical operations.
To enable the following instructions: AVX2 AVX512F FMA, in other operations, rebuild TensorFlow with the appropriate compiler flags.
2025-06-02 17:35:36.995014: W tensorflow/compiler/tf2tensorrt/utils/py_utils.cc:38] TF-TRT Warning: Could not find TensorRT
2025-06-02 17:38:46.443855: I tensorflow/core/common_runtime/gpu/gpu_device.cc:1639] Created device /job:localhost/replica:0/task:0/device:GPU:0 with 31135 MB memory:  -> device: 0, name: Tesla V100-SXM2-32GB, pci bus id: 0000:16:00.0, compute capability: 7.0
Epoch 1/300
2025-06-02 17:40:22.048291: I tensorflow/compiler/xla/stream_executor/cuda/cuda_dnn.cc:432] Loaded cuDNN version 8600
2025-06-02 17:40:52.143238: I tensorflow/compiler/xla/service/service.cc:168] XLA service 0x14b2752e3330 initialized for platform CUDA (this does not guarantee that XLA will be used). Devices:
2025-06-02 17:40:52.145343: I tensorflow/compiler/xla/service/service.cc:176]   StreamExecutor device (0): Tesla V100-SXM2-32GB, Compute Capability 7.0
2025-06-02 17:40:56.611638: I tensorflow/compiler/mlir/tensorflow/utils/dump_mlir_util.cc:255] disabling MLIR crash reproducer, set env var `MLIR_CRASH_REPRODUCER_DIRECTORY` to enable.
2025-06-02 17:41:18.517961: I ./tensorflow/compiler/jit/device_compiler.h:186] Compiled cluster using XLA!  This line is logged at most once for the lifetime of the process.
510/510 - 165s - loss: 0.4000 - binary_accuracy: 0.6367 - precision: 0.1700 - recall: 0.4895 - prec_thr: 0.0918 - rec_thr: 0.5126 - auc_pr: 0.1472 - auc_roc: 0.5877 - tp: 1046.1840 - fp: 7203.6938 - tn: 7045.3062 - fn: 994.8160 - val_loss: 0.3546 - val_binary_accuracy: 0.7227 - val_precision: 0.1895 - val_recall: 0.7125 - val_prec_thr: 0.0756 - val_rec_thr: 0.5269 - val_auc_pr: 0.2663 - val_auc_roc: 0.7489 - val_tp: 249.2180 - val_fp: 2544.9780 - val_tn: 2670.0220 - val_fn: 223.7820 - 165s/epoch - 324ms/step
Epoch 2/300
510/510 - 47s - loss: 0.3002 - binary_accuracy: 0.9051 - precision: 0.6462 - recall: 0.5360 - prec_thr: 0.1690 - rec_thr: 0.5024 - auc_pr: 0.5627 - auc_roc: 0.8437 - tp: 1025.4351 - fp: 6406.7148 - tn: 7842.2852 - fn: 1015.5650 - val_loss: 0.2633 - val_binary_accuracy: 0.9112 - val_precision: 0.4729 - val_recall: 0.5899 - val_prec_thr: 0.1236 - val_rec_thr: 0.5108 - val_auc_pr: 0.5475 - val_auc_roc: 0.9126 - val_tp: 241.6260 - val_fp: 2252.6790 - val_tn: 2962.3210 - val_fn: 231.3740 - 47s/epoch - 92ms/step
Epoch 3/300
510/510 - 45s - loss: 0.2176 - binary_accuracy: 0.9303 - precision: 0.7747 - recall: 0.6252 - prec_thr: 0.2862 - rec_thr: 0.5136 - auc_pr: 0.7389 - auc_roc: 0.9294 - tp: 1048.1851 - fp: 5343.2568 - tn: 8905.7432 - fn: 992.8150 - val_loss: 0.1805 - val_binary_accuracy: 0.9350 - val_precision: 0.6075 - val_recall: 0.6152 - val_prec_thr: 0.2144 - val_rec_thr: 0.5195 - val_auc_pr: 0.6757 - val_auc_roc: 0.9592 - val_tp: 245.7080 - val_fp: 1746.7760 - val_tn: 3468.2241 - val_fn: 227.2920 - 45s/epoch - 88ms/step
Epoch 4/300
510/510 - 46s - loss: 0.1554 - binary_accuracy: 0.9409 - precision: 0.7999 - recall: 0.7050 - prec_thr: 0.4022 - rec_thr: 0.5421 - auc_pr: 0.8255 - auc_roc: 0.9647 - tp: 1106.4900 - fp: 3992.2690 - tn: 10256.7314 - fn: 934.5100 - val_loss: 0.1341 - val_binary_accuracy: 0.9422 - val_precision: 0.6636 - val_recall: 0.6173 - val_prec_thr: 0.3459 - val_rec_thr: 0.5267 - val_auc_pr: 0.7148 - val_auc_roc: 0.9659 - val_tp: 249.1140 - val_fp: 1323.4260 - val_tn: 3891.5740 - val_fn: 223.8860 - 46s/epoch - 89ms/step
Epoch 5/300
510/510 - 48s - loss: 0.1204 - binary_accuracy: 0.9488 - precision: 0.8178 - recall: 0.7609 - prec_thr: 0.4929 - rec_thr: 0.5752 - auc_pr: 0.8715 - auc_roc: 0.9752 - tp: 1173.9530 - fp: 3310.2129 - tn: 10938.7871 - fn: 867.0470 - val_loss: 0.1074 - val_binary_accuracy: 0.9462 - val_precision: 0.6452 - val_recall: 0.7844 - val_prec_thr: 0.3882 - val_rec_thr: 0.5786 - val_auc_pr: 0.7909 - val_auc_roc: 0.9768 - val_tp: 273.6740 - val_fp: 1243.1080 - val_tn: 3971.8921 - val_fn: 199.3260 - 48s/epoch - 93ms/step
Epoch 6/300
510/510 - 45s - loss: 0.0960 - binary_accuracy: 0.9537 - precision: 0.8291 - recall: 0.7937 - prec_thr: 0.5552 - rec_thr: 0.6021 - auc_pr: 0.8986 - auc_roc: 0.9820 - tp: 1228.7889 - fp: 2975.6990 - tn: 11273.3008 - fn: 812.2110 - val_loss: 0.0837 - val_binary_accuracy: 0.9601 - val_precision: 0.7510 - val_recall: 0.7780 - val_prec_thr: 0.4682 - val_rec_thr: 0.5797 - val_auc_pr: 0.8517 - val_auc_roc: 0.9835 - val_tp: 274.1810 - val_fp: 1078.8390 - val_tn: 4136.1611 - val_fn: 198.8190 - 45s/epoch - 89ms/step
Epoch 7/300
510/510 - 47s - loss: 0.0792 - binary_accuracy: 0.9594 - precision: 0.8443 - recall: 0.8290 - prec_thr: 0.5739 - rec_thr: 0.6200 - auc_pr: 0.9099 - auc_roc: 0.9846 - tp: 1265.5010 - fp: 2793.8240 - tn: 11455.1758 - fn: 775.4990 - val_loss: 0.0676 - val_binary_accuracy: 0.9668 - val_precision: 0.8087 - val_recall: 0.7865 - val_prec_thr: 0.4845 - val_rec_thr: 0.5927 - val_auc_pr: 0.8772 - val_auc_roc: 0.9877 - val_tp: 280.3590 - val_fp: 974.0900 - val_tn: 4240.9102 - val_fn: 192.6410 - 47s/epoch - 93ms/step
Epoch 8/300
510/510 - 46s - loss: 0.0659 - binary_accuracy: 0.9635 - precision: 0.8622 - recall: 0.8432 - prec_thr: 0.5978 - rec_thr: 0.6344 - auc_pr: 0.9245 - auc_roc: 0.9872 - tp: 1294.8790 - fp: 2600.3379 - tn: 11648.6621 - fn: 746.1210 - val_loss: 0.0602 - val_binary_accuracy: 0.9603 - val_precision: 0.7048 - val_recall: 0.8985 - val_prec_thr: 0.5029 - val_rec_thr: 0.6412 - val_auc_pr: 0.8937 - val_auc_roc: 0.9890 - val_tp: 303.2760 - val_fp: 1002.1900 - val_tn: 4212.8101 - val_fn: 169.7240 - 46s/epoch - 91ms/step
Epoch 9/300
510/510 - 45s - loss: 0.0561 - binary_accuracy: 0.9661 - precision: 0.8615 - recall: 0.8687 - prec_thr: 0.6323 - rec_thr: 0.6514 - auc_pr: 0.9361 - auc_roc: 0.9895 - tp: 1329.5190 - fp: 2466.5339 - tn: 11782.4658 - fn: 711.4810 - val_loss: 0.0523 - val_binary_accuracy: 0.9657 - val_precision: 0.7465 - val_recall: 0.8901 - val_prec_thr: 0.5297 - val_rec_thr: 0.6423 - val_auc_pr: 0.8826 - val_auc_roc: 0.9887 - val_tp: 303.8090 - val_fp: 940.6780 - val_tn: 4274.3218 - val_fn: 169.1910 - 45s/epoch - 89ms/step
Epoch 10/300
510/510 - 46s - loss: 0.0493 - binary_accuracy: 0.9667 - precision: 0.8639 - recall: 0.8711 - prec_thr: 0.6437 - rec_thr: 0.6619 - auc_pr: 0.9417 - auc_roc: 0.9904 - tp: 1350.9250 - fp: 2364.8821 - tn: 11884.1182 - fn: 690.0750 - val_loss: 0.0441 - val_binary_accuracy: 0.9706 - val_precision: 0.7988 - val_recall: 0.8647 - val_prec_thr: 0.5452 - val_rec_thr: 0.6258 - val_auc_pr: 0.9051 - val_auc_roc: 0.9908 - val_tp: 296.0120 - val_fp: 865.4110 - val_tn: 4349.5889 - val_fn: 176.9880 - 46s/epoch - 91ms/step
Epoch 11/300
510/510 - 45s - loss: 0.0438 - binary_accuracy: 0.9684 - precision: 0.8715 - recall: 0.8770 - prec_thr: 0.6444 - rec_thr: 0.6643 - auc_pr: 0.9468 - auc_roc: 0.9915 - tp: 1355.9370 - fp: 2295.0701 - tn: 11953.9297 - fn: 685.0630 - val_loss: 0.0391 - val_binary_accuracy: 0.9699 - val_precision: 0.7949 - val_recall: 0.8605 - val_prec_thr: 0.5752 - val_rec_thr: 0.6366 - val_auc_pr: 0.9094 - val_auc_roc: 0.9913 - val_tp: 301.1080 - val_fp: 794.1310 - val_tn: 4420.8691 - val_fn: 171.8920 - 45s/epoch - 88ms/step
Epoch 12/300
510/510 - 45s - loss: 0.0392 - binary_accuracy: 0.9707 - precision: 0.8818 - recall: 0.8844 - prec_thr: 0.6579 - rec_thr: 0.6736 - auc_pr: 0.9513 - auc_roc: 0.9921 - tp: 1374.7400 - fp: 2186.5020 - tn: 12062.4980 - fn: 666.2600 - val_loss: 0.0376 - val_binary_accuracy: 0.9678 - val_precision: 0.7509 - val_recall: 0.9175 - val_prec_thr: 0.5697 - val_rec_thr: 0.6683 - val_auc_pr: 0.9044 - val_auc_roc: 0.9911 - val_tp: 316.1070 - val_fp: 811.2720 - val_tn: 4403.7280 - val_fn: 156.8930 - 45s/epoch - 88ms/step
Epoch 13/300
510/510 - 45s - loss: 0.0354 - binary_accuracy: 0.9738 - precision: 0.8895 - recall: 0.9030 - prec_thr: 0.6679 - rec_thr: 0.6804 - auc_pr: 0.9574 - auc_roc: 0.9932 - tp: 1388.6740 - fp: 2095.6079 - tn: 12153.3916 - fn: 652.3260 - val_loss: 0.0351 - val_binary_accuracy: 0.9705 - val_precision: 0.7938 - val_recall: 0.8710 - val_prec_thr: 0.5887 - val_rec_thr: 0.6437 - val_auc_pr: 0.8910 - val_auc_roc: 0.9896 - val_tp: 304.4490 - val_fp: 758.2910 - val_tn: 4456.7090 - val_fn: 168.5510 - 45s/epoch - 89ms/step
Epoch 14/300
510/510 - 46s - loss: 0.0334 - binary_accuracy: 0.9732 - precision: 0.8943 - recall: 0.8917 - prec_thr: 0.6713 - rec_thr: 0.6827 - auc_pr: 0.9556 - auc_roc: 0.9932 - tp: 1393.4060 - fp: 2032.4930 - tn: 12216.5068 - fn: 647.5940 - val_loss: 0.0310 - val_binary_accuracy: 0.9719 - val_precision: 0.8735 - val_recall: 0.7738 - val_prec_thr: 0.6303 - val_rec_thr: 0.6111 - val_auc_pr: 0.9169 - val_auc_roc: 0.9925 - val_tp: 289.0280 - val_fp: 679.8000 - val_tn: 4535.2002 - val_fn: 183.9720 - 46s/epoch - 91ms/step
Epoch 15/300
510/510 - 47s - loss: 0.0315 - binary_accuracy: 0.9741 - precision: 0.8932 - recall: 0.9010 - prec_thr: 0.6759 - rec_thr: 0.6859 - auc_pr: 0.9596 - auc_roc: 0.9935 - tp: 1399.8470 - fp: 2043.9659 - tn: 12205.0342 - fn: 641.1530 - val_loss: 0.0373 - val_binary_accuracy: 0.9601 - val_precision: 0.6869 - val_recall: 0.9556 - val_prec_thr: 0.5558 - val_rec_thr: 0.7233 - val_auc_pr: 0.9021 - val_auc_roc: 0.9910 - val_tp: 342.1200 - val_fp: 829.0590 - val_tn: 4385.9409 - val_fn: 130.8800 - 47s/epoch - 91ms/step
Epoch 16/300
510/510 - 47s - loss: 0.0296 - binary_accuracy: 0.9744 - precision: 0.8946 - recall: 0.9020 - prec_thr: 0.6904 - rec_thr: 0.6964 - auc_pr: 0.9637 - auc_roc: 0.9943 - tp: 1421.3560 - fp: 1942.2150 - tn: 12306.7852 - fn: 619.6440 - val_loss: 0.0325 - val_binary_accuracy: 0.9677 - val_precision: 0.7420 - val_recall: 0.9366 - val_prec_thr: 0.5772 - val_rec_thr: 0.7003 - val_auc_pr: 0.9023 - val_auc_roc: 0.9914 - val_tp: 331.2260 - val_fp: 751.7200 - val_tn: 4463.2798 - val_fn: 141.7740 - 47s/epoch - 91ms/step
Epoch 17/300
510/510 - 47s - loss: 0.0288 - binary_accuracy: 0.9747 - precision: 0.8940 - recall: 0.9054 - prec_thr: 0.6850 - rec_thr: 0.6920 - auc_pr: 0.9613 - auc_roc: 0.9941 - tp: 1412.3590 - fp: 1887.2570 - tn: 12361.7432 - fn: 628.6410 - val_loss: 0.0313 - val_binary_accuracy: 0.9671 - val_precision: 0.7424 - val_recall: 0.9260 - val_prec_thr: 0.5785 - val_rec_thr: 0.6954 - val_auc_pr: 0.9004 - val_auc_roc: 0.9910 - val_tp: 328.9330 - val_fp: 732.2970 - val_tn: 4482.7031 - val_fn: 144.0670 - 47s/epoch - 92ms/step
Epoch 18/300
510/510 - 47s - loss: 0.0280 - binary_accuracy: 0.9762 - precision: 0.9002 - recall: 0.9108 - prec_thr: 0.6738 - rec_thr: 0.6906 - auc_pr: 0.9643 - auc_roc: 0.9940 - tp: 1409.5129 - fp: 1895.2770 - tn: 12353.7227 - fn: 631.4870 - val_loss: 0.0272 - val_binary_accuracy: 0.9754 - val_precision: 0.8147 - val_recall: 0.9112 - val_prec_thr: 0.6043 - val_rec_thr: 0.6841 - val_auc_pr: 0.9267 - val_auc_roc: 0.9930 - val_tp: 323.5570 - val_fp: 710.4250 - val_tn: 4504.5752 - val_fn: 149.4430 - 47s/epoch - 91ms/step
Epoch 19/300
510/510 - 46s - loss: 0.0259 - binary_accuracy: 0.9769 - precision: 0.9087 - recall: 0.9069 - prec_thr: 0.7037 - rec_thr: 0.7033 - auc_pr: 0.9682 - auc_roc: 0.9949 - tp: 1435.5070 - fp: 1793.1240 - tn: 12455.8760 - fn: 605.4930 - val_loss: 0.0257 - val_binary_accuracy: 0.9754 - val_precision: 0.8196 - val_recall: 0.9027 - val_prec_thr: 0.6250 - val_rec_thr: 0.6857 - val_auc_pr: 0.9207 - val_auc_roc: 0.9932 - val_tp: 324.3410 - val_fp: 648.6580 - val_tn: 4566.3418 - val_fn: 148.6590 - 46s/epoch - 91ms/step
Epoch 20/300
510/510 - 45s - loss: 0.0248 - binary_accuracy: 0.9784 - precision: 0.9098 - recall: 0.9187 - prec_thr: 0.7031 - rec_thr: 0.7081 - auc_pr: 0.9706 - auc_roc: 0.9953 - tp: 1445.3340 - fp: 1752.1920 - tn: 12496.8076 - fn: 595.6660 - val_loss: 0.0245 - val_binary_accuracy: 0.9770 - val_precision: 0.8834 - val_recall: 0.8330 - val_prec_thr: 0.6438 - val_rec_thr: 0.6445 - val_auc_pr: 0.9218 - val_auc_roc: 0.9934 - val_tp: 304.8380 - val_fp: 583.7200 - val_tn: 4631.2798 - val_fn: 168.1620 - 45s/epoch - 88ms/step
Epoch 21/300
510/510 - 47s - loss: 0.0236 - binary_accuracy: 0.9787 - precision: 0.9100 - recall: 0.9211 - prec_thr: 0.7030 - rec_thr: 0.7129 - auc_pr: 0.9725 - auc_roc: 0.9959 - tp: 1455.1310 - fp: 1679.3400 - tn: 12569.6602 - fn: 585.8690 - val_loss: 0.0246 - val_binary_accuracy: 0.9768 - val_precision: 0.8311 - val_recall: 0.9049 - val_prec_thr: 0.6221 - val_rec_thr: 0.6850 - val_auc_pr: 0.9172 - val_auc_roc: 0.9932 - val_tp: 324.0000 - val_fp: 630.3580 - val_tn: 4584.6421 - val_fn: 149.0000 - 47s/epoch - 92ms/step
Epoch 22/300
510/510 - 46s - loss: 0.0229 - binary_accuracy: 0.9787 - precision: 0.9100 - recall: 0.9211 - prec_thr: 0.7167 - rec_thr: 0.7176 - auc_pr: 0.9739 - auc_roc: 0.9960 - tp: 1464.5280 - fp: 1630.4320 - tn: 12618.5684 - fn: 576.4720 - val_loss: 0.0266 - val_binary_accuracy: 0.9687 - val_precision: 0.9063 - val_recall: 0.6956 - val_prec_thr: 0.6937 - val_rec_thr: 0.5856 - val_auc_pr: 0.9252 - val_auc_roc: 0.9937 - val_tp: 276.9760 - val_fp: 506.7300 - val_tn: 4708.2700 - val_fn: 196.0240 - 46s/epoch - 90ms/step
Epoch 23/300
510/510 - 45s - loss: 0.0218 - binary_accuracy: 0.9800 - precision: 0.9173 - recall: 0.9241 - prec_thr: 0.7195 - rec_thr: 0.7207 - auc_pr: 0.9754 - auc_roc: 0.9962 - tp: 1470.9060 - fp: 1606.1670 - tn: 12642.8330 - fn: 570.0940 - val_loss: 0.0248 - val_binary_accuracy: 0.9735 - val_precision: 0.8299 - val_recall: 0.8562 - val_prec_thr: 0.6346 - val_rec_thr: 0.6743 - val_auc_pr: 0.9030 - val_auc_roc: 0.9917 - val_tp: 318.9230 - val_fp: 576.0970 - val_tn: 4638.9028 - val_fn: 154.0770 - 45s/epoch - 88ms/step
Epoch 24/300
510/510 - 45s - loss: 0.0216 - binary_accuracy: 0.9800 - precision: 0.9161 - recall: 0.9250 - prec_thr: 0.7141 - rec_thr: 0.7199 - auc_pr: 0.9757 - auc_roc: 0.9961 - tp: 1469.3710 - fp: 1573.2889 - tn: 12675.7109 - fn: 571.6290 - val_loss: 0.0239 - val_binary_accuracy: 0.9736 - val_precision: 0.8949 - val_recall: 0.7738 - val_prec_thr: 0.6943 - val_rec_thr: 0.6282 - val_auc_pr: 0.9237 - val_auc_roc: 0.9934 - val_tp: 297.1240 - val_fp: 516.2680 - val_tn: 4698.7319 - val_fn: 175.8760 - 45s/epoch - 87ms/step
Epoch 25/300
510/510 - 46s - loss: 0.0208 - binary_accuracy: 0.9811 - precision: 0.9204 - recall: 0.9294 - prec_thr: 0.7366 - rec_thr: 0.7241 - auc_pr: 0.9757 - auc_roc: 0.9962 - tp: 1477.9410 - fp: 1508.8660 - tn: 12740.1338 - fn: 563.0590 - val_loss: 0.0316 - val_binary_accuracy: 0.9629 - val_precision: 0.7086 - val_recall: 0.9408 - val_prec_thr: 0.5848 - val_rec_thr: 0.7452 - val_auc_pr: 0.8829 - val_auc_roc: 0.9901 - val_tp: 352.4660 - val_fp: 680.0370 - val_tn: 4534.9629 - val_fn: 120.5340 - 46s/epoch - 90ms/step
Epoch 26/300
510/510 - 47s - loss: 0.0224 - binary_accuracy: 0.9781 - precision: 0.9144 - recall: 0.9108 - prec_thr: 0.7051 - rec_thr: 0.7133 - auc_pr: 0.9691 - auc_roc: 0.9952 - tp: 1455.7750 - fp: 1669.6140 - tn: 12579.3857 - fn: 585.2250 - val_loss: 0.0239 - val_binary_accuracy: 0.9727 - val_precision: 0.8034 - val_recall: 0.8901 - val_prec_thr: 0.6171 - val_rec_thr: 0.7041 - val_auc_pr: 0.9136 - val_auc_roc: 0.9926 - val_tp: 333.0390 - val_fp: 611.9020 - val_tn: 4603.0981 - val_fn: 139.9610 - 47s/epoch - 92ms/step
Epoch 27/300
510/510 - 45s - loss: 0.0201 - binary_accuracy: 0.9815 - precision: 0.9269 - recall: 0.9255 - prec_thr: 0.7353 - rec_thr: 0.7289 - auc_pr: 0.9766 - auc_roc: 0.9964 - tp: 1487.6121 - fp: 1469.3120 - tn: 12779.6885 - fn: 553.3880 - val_loss: 0.0220 - val_binary_accuracy: 0.9764 - val_precision: 0.8614 - val_recall: 0.8541 - val_prec_thr: 0.6640 - val_rec_thr: 0.6756 - val_auc_pr: 0.9217 - val_auc_roc: 0.9933 - val_tp: 319.5510 - val_fp: 525.6050 - val_tn: 4689.3950 - val_fn: 153.4490 - 45s/epoch - 88ms/step
Epoch 28/300
510/510 - 46s - loss: 0.0193 - binary_accuracy: 0.9807 - precision: 0.9202 - recall: 0.9260 - prec_thr: 0.7454 - rec_thr: 0.7344 - auc_pr: 0.9782 - auc_roc: 0.9967 - tp: 1498.8920 - fp: 1440.4871 - tn: 12808.5127 - fn: 542.1080 - val_loss: 0.0237 - val_binary_accuracy: 0.9719 - val_precision: 0.7882 - val_recall: 0.9049 - val_prec_thr: 0.6286 - val_rec_thr: 0.7191 - val_auc_pr: 0.9169 - val_auc_roc: 0.9928 - val_tp: 340.1530 - val_fp: 591.5470 - val_tn: 4623.4531 - val_fn: 132.8470 - 46s/epoch - 90ms/step
Epoch 29/300
510/510 - 44s - loss: 0.0189 - binary_accuracy: 0.9817 - precision: 0.9216 - recall: 0.9334 - prec_thr: 0.7400 - rec_thr: 0.7345 - auc_pr: 0.9791 - auc_roc: 0.9969 - tp: 1499.0980 - fp: 1394.0470 - tn: 12854.9531 - fn: 541.9020 - val_loss: 0.0214 - val_binary_accuracy: 0.9754 - val_precision: 0.8881 - val_recall: 0.8055 - val_prec_thr: 0.6856 - val_rec_thr: 0.6592 - val_auc_pr: 0.9287 - val_auc_roc: 0.9937 - val_tp: 311.8000 - val_fp: 477.4200 - val_tn: 4737.5801 - val_fn: 161.2000 - 44s/epoch - 87ms/step
Epoch 30/300
510/510 - 44s - loss: 0.0177 - binary_accuracy: 0.9838 - precision: 0.9328 - recall: 0.9383 - prec_thr: 0.7536 - rec_thr: 0.7402 - auc_pr: 0.9817 - auc_roc: 0.9972 - tp: 1510.7480 - fp: 1349.2460 - tn: 12899.7539 - fn: 530.2520 - val_loss: 0.0225 - val_binary_accuracy: 0.9750 - val_precision: 0.8251 - val_recall: 0.8879 - val_prec_thr: 0.6509 - val_rec_thr: 0.7046 - val_auc_pr: 0.9165 - val_auc_roc: 0.9926 - val_tp: 333.2870 - val_fp: 518.4380 - val_tn: 4696.5620 - val_fn: 139.7130 - 44s/epoch - 87ms/step
Epoch 31/300
510/510 - 47s - loss: 0.0175 - binary_accuracy: 0.9838 - precision: 0.9311 - recall: 0.9402 - prec_thr: 0.7633 - rec_thr: 0.7432 - auc_pr: 0.9819 - auc_roc: 0.9973 - tp: 1516.8979 - fp: 1310.5170 - tn: 12938.4834 - fn: 524.1020 - val_loss: 0.0203 - val_binary_accuracy: 0.9791 - val_precision: 0.8798 - val_recall: 0.8668 - val_prec_thr: 0.6842 - val_rec_thr: 0.6843 - val_auc_pr: 0.9301 - val_auc_roc: 0.9939 - val_tp: 323.6550 - val_fp: 460.1590 - val_tn: 4754.8408 - val_fn: 149.3450 - 47s/epoch - 92ms/step
Epoch 32/300
510/510 - 46s - loss: 0.0173 - binary_accuracy: 0.9846 - precision: 0.9387 - recall: 0.9383 - prec_thr: 0.7628 - rec_thr: 0.7463 - auc_pr: 0.9832 - auc_roc: 0.9972 - tp: 1523.2729 - fp: 1281.1610 - tn: 12967.8389 - fn: 517.7270 - val_loss: 0.0259 - val_binary_accuracy: 0.9692 - val_precision: 0.7508 - val_recall: 0.9429 - val_prec_thr: 0.6307 - val_rec_thr: 0.7597 - val_auc_pr: 0.9053 - val_auc_roc: 0.9926 - val_tp: 359.3490 - val_fp: 550.9300 - val_tn: 4664.0698 - val_fn: 113.6510 - 46s/epoch - 91ms/step
Epoch 33/300
510/510 - 46s - loss: 0.0171 - binary_accuracy: 0.9835 - precision: 0.9310 - recall: 0.9383 - prec_thr: 0.7635 - rec_thr: 0.7513 - auc_pr: 0.9814 - auc_roc: 0.9973 - tp: 1533.3060 - fp: 1291.9771 - tn: 12957.0234 - fn: 507.6940 - val_loss: 0.0224 - val_binary_accuracy: 0.9729 - val_precision: 0.8650 - val_recall: 0.7992 - val_prec_thr: 0.6910 - val_rec_thr: 0.6601 - val_auc_pr: 0.9203 - val_auc_roc: 0.9926 - val_tp: 312.2310 - val_fp: 452.4010 - val_tn: 4762.5991 - val_fn: 160.7690 - 46s/epoch - 91ms/step
Epoch 34/300
510/510 - 47s - loss: 0.0169 - binary_accuracy: 0.9839 - precision: 0.9358 - recall: 0.9358 - prec_thr: 0.7618 - rec_thr: 0.7514 - auc_pr: 0.9827 - auc_roc: 0.9973 - tp: 1533.6240 - fp: 1270.8120 - tn: 12978.1885 - fn: 507.3760 - val_loss: 0.0220 - val_binary_accuracy: 0.9747 - val_precision: 0.8983 - val_recall: 0.7844 - val_prec_thr: 0.7214 - val_rec_thr: 0.6517 - val_auc_pr: 0.9333 - val_auc_roc: 0.9937 - val_tp: 308.2340 - val_fp: 412.9030 - val_tn: 4802.0972 - val_fn: 164.7660 - 47s/epoch - 92ms/step
Epoch 35/300
510/510 - 45s - loss: 0.0161 - binary_accuracy: 0.9858 - precision: 0.9397 - recall: 0.9476 - prec_thr: 0.7643 - rec_thr: 0.7525 - auc_pr: 0.9851 - auc_roc: 0.9977 - tp: 1535.9440 - fp: 1250.8430 - tn: 12998.1572 - fn: 505.0560 - val_loss: 0.0232 - val_binary_accuracy: 0.9719 - val_precision: 0.7981 - val_recall: 0.8858 - val_prec_thr: 0.6562 - val_rec_thr: 0.7194 - val_auc_pr: 0.9082 - val_auc_roc: 0.9919 - val_tp: 340.2840 - val_fp: 499.7160 - val_tn: 4715.2842 - val_fn: 132.7160 - 45s/epoch - 88ms/step
Epoch 36/300
510/510 - 45s - loss: 0.0168 - binary_accuracy: 0.9832 - precision: 0.9316 - recall: 0.9343 - prec_thr: 0.7693 - rec_thr: 0.7532 - auc_pr: 0.9826 - auc_roc: 0.9972 - tp: 1537.3640 - fp: 1217.5670 - tn: 13031.4326 - fn: 503.6360 - val_loss: 0.0249 - val_binary_accuracy: 0.9701 - val_precision: 0.9268 - val_recall: 0.6956 - val_prec_thr: 0.7256 - val_rec_thr: 0.6012 - val_auc_pr: 0.9298 - val_auc_roc: 0.9930 - val_tp: 284.3490 - val_fp: 389.5610 - val_tn: 4825.4390 - val_fn: 188.6510 - 45s/epoch - 89ms/step
Epoch 37/300
510/510 - 47s - loss: 0.0149 - binary_accuracy: 0.9856 - precision: 0.9435 - recall: 0.9412 - prec_thr: 0.7770 - rec_thr: 0.7610 - auc_pr: 0.9867 - auc_roc: 0.9980 - tp: 1553.2440 - fp: 1152.3650 - tn: 13096.6348 - fn: 487.7560 - val_loss: 0.0304 - val_binary_accuracy: 0.9576 - val_precision: 0.6914 - val_recall: 0.8858 - val_prec_thr: 0.5844 - val_rec_thr: 0.7329 - val_auc_pr: 0.8846 - val_auc_roc: 0.9880 - val_tp: 346.6790 - val_fp: 605.4760 - val_tn: 4609.5239 - val_fn: 126.3210 - 47s/epoch - 91ms/step
Epoch 38/300
510/510 - 44s - loss: 0.0152 - binary_accuracy: 0.9855 - precision: 0.9426 - recall: 0.9412 - prec_thr: 0.7763 - rec_thr: 0.7634 - auc_pr: 0.9865 - auc_roc: 0.9979 - tp: 1558.0360 - fp: 1158.4910 - tn: 13090.5088 - fn: 482.9640 - val_loss: 0.0209 - val_binary_accuracy: 0.9752 - val_precision: 0.8578 - val_recall: 0.8414 - val_prec_thr: 0.6875 - val_rec_thr: 0.6891 - val_auc_pr: 0.9243 - val_auc_roc: 0.9931 - val_tp: 325.9240 - val_fp: 428.1950 - val_tn: 4786.8052 - val_fn: 147.0760 - 44s/epoch - 87ms/step
Epoch 39/300
510/510 - 45s - loss: 0.0148 - binary_accuracy: 0.9862 - precision: 0.9430 - recall: 0.9476 - prec_thr: 0.7802 - rec_thr: 0.7646 - auc_pr: 0.9872 - auc_roc: 0.9980 - tp: 1560.6250 - fp: 1092.8690 - tn: 13156.1309 - fn: 480.3750 - val_loss: 0.0225 - val_binary_accuracy: 0.9754 - val_precision: 0.8993 - val_recall: 0.7928 - val_prec_thr: 0.7302 - val_rec_thr: 0.6685 - val_auc_pr: 0.9229 - val_auc_roc: 0.9931 - val_tp: 316.1990 - val_fp: 356.8510 - val_tn: 4858.1489 - val_fn: 156.8010 - 45s/epoch - 88ms/step
Epoch 40/300
510/510 - 47s - loss: 0.0146 - binary_accuracy: 0.9864 - precision: 0.9452 - recall: 0.9461 - prec_thr: 0.7964 - rec_thr: 0.7708 - auc_pr: 0.9876 - auc_roc: 0.9980 - tp: 1573.2321 - fp: 1070.9600 - tn: 13178.0400 - fn: 467.7680 - val_loss: 0.0226 - val_binary_accuracy: 0.9752 - val_precision: 0.8132 - val_recall: 0.9112 - val_prec_thr: 0.6616 - val_rec_thr: 0.7439 - val_auc_pr: 0.9109 - val_auc_roc: 0.9928 - val_tp: 351.8730 - val_fp: 460.2990 - val_tn: 4754.7012 - val_fn: 121.1270 - 47s/epoch - 92ms/step
Epoch 41/300
510/510 - 46s - loss: 0.0144 - binary_accuracy: 0.9866 - precision: 0.9475 - recall: 0.9456 - prec_thr: 0.7888 - rec_thr: 0.7718 - auc_pr: 0.9880 - auc_roc: 0.9980 - tp: 1575.2290 - fp: 1072.5770 - tn: 13176.4229 - fn: 465.7710 - val_loss: 0.0205 - val_binary_accuracy: 0.9756 - val_precision: 0.8695 - val_recall: 0.8309 - val_prec_thr: 0.7193 - val_rec_thr: 0.6925 - val_auc_pr: 0.9287 - val_auc_roc: 0.9936 - val_tp: 327.5380 - val_fp: 369.7790 - val_tn: 4845.2212 - val_fn: 145.4620 - 46s/epoch - 90ms/step
Epoch 42/300
510/510 - 47s - loss: 0.0143 - binary_accuracy: 0.9857 - precision: 0.9427 - recall: 0.9432 - prec_thr: 0.7976 - rec_thr: 0.7705 - auc_pr: 0.9875 - auc_roc: 0.9981 - tp: 1572.5930 - fp: 1059.0300 - tn: 13189.9697 - fn: 468.4070 - val_loss: 0.0198 - val_binary_accuracy: 0.9754 - val_precision: 0.8581 - val_recall: 0.8436 - val_prec_thr: 0.7041 - val_rec_thr: 0.7019 - val_auc_pr: 0.9325 - val_auc_roc: 0.9936 - val_tp: 331.9820 - val_fp: 380.1180 - val_tn: 4834.8818 - val_fn: 141.0180 - 47s/epoch - 92ms/step
Epoch 43/300
510/510 - 45s - loss: 0.0140 - binary_accuracy: 0.9876 - precision: 0.9510 - recall: 0.9500 - prec_thr: 0.7983 - rec_thr: 0.7742 - auc_pr: 0.9880 - auc_roc: 0.9982 - tp: 1580.0570 - fp: 1004.6460 - tn: 13244.3535 - fn: 460.9430 - val_loss: 0.0200 - val_binary_accuracy: 0.9771 - val_precision: 0.8786 - val_recall: 0.8414 - val_prec_thr: 0.7082 - val_rec_thr: 0.6998 - val_auc_pr: 0.9343 - val_auc_roc: 0.9934 - val_tp: 330.9840 - val_fp: 392.2300 - val_tn: 4822.7700 - val_fn: 142.0160 - 45s/epoch - 88ms/step
Epoch 44/300
510/510 - 44s - loss: 0.0139 - binary_accuracy: 0.9858 - precision: 0.9415 - recall: 0.9456 - prec_thr: 0.8010 - rec_thr: 0.7766 - auc_pr: 0.9890 - auc_roc: 0.9983 - tp: 1585.0250 - fp: 1025.7791 - tn: 13223.2207 - fn: 455.9750 - val_loss: 0.0199 - val_binary_accuracy: 0.9764 - val_precision: 0.8645 - val_recall: 0.8499 - val_prec_thr: 0.7229 - val_rec_thr: 0.7008 - val_auc_pr: 0.9277 - val_auc_roc: 0.9938 - val_tp: 331.4860 - val_fp: 347.9460 - val_tn: 4867.0542 - val_fn: 141.5140 - 44s/epoch - 87ms/step
Epoch 45/300
510/510 - 44s - loss: 0.0129 - binary_accuracy: 0.9885 - precision: 0.9539 - recall: 0.9539 - prec_thr: 0.8119 - rec_thr: 0.7842 - auc_pr: 0.9903 - auc_roc: 0.9986 - tp: 1600.6290 - fp: 932.0550 - tn: 13316.9453 - fn: 440.3710 - val_loss: 0.0221 - val_binary_accuracy: 0.9742 - val_precision: 0.8064 - val_recall: 0.9070 - val_prec_thr: 0.6899 - val_rec_thr: 0.7585 - val_auc_pr: 0.9222 - val_auc_roc: 0.9932 - val_tp: 358.7870 - val_fp: 378.1020 - val_tn: 4836.8979 - val_fn: 114.2130 - 44s/epoch - 87ms/step
Epoch 46/300
510/510 - 47s - loss: 0.0141 - binary_accuracy: 0.9867 - precision: 0.9502 - recall: 0.9437 - prec_thr: 0.7866 - rec_thr: 0.7614 - auc_pr: 0.9883 - auc_roc: 0.9981 - tp: 1554.0840 - fp: 1027.6250 - tn: 13221.3750 - fn: 486.9160 - val_loss: 0.0216 - val_binary_accuracy: 0.9759 - val_precision: 0.8307 - val_recall: 0.8922 - val_prec_thr: 0.7013 - val_rec_thr: 0.7380 - val_auc_pr: 0.9224 - val_auc_roc: 0.9927 - val_tp: 349.0950 - val_fp: 373.6260 - val_tn: 4841.3740 - val_fn: 123.9050 - 47s/epoch - 91ms/step
Epoch 47/300
510/510 - 46s - loss: 0.0132 - binary_accuracy: 0.9869 - precision: 0.9467 - recall: 0.9490 - prec_thr: 0.8029 - rec_thr: 0.7787 - auc_pr: 0.9896 - auc_roc: 0.9984 - tp: 1589.2930 - fp: 966.3050 - tn: 13282.6953 - fn: 451.7070 - val_loss: 0.0206 - val_binary_accuracy: 0.9752 - val_precision: 0.8562 - val_recall: 0.8436 - val_prec_thr: 0.7251 - val_rec_thr: 0.7014 - val_auc_pr: 0.9245 - val_auc_roc: 0.9931 - val_tp: 331.7540 - val_fp: 342.3720 - val_tn: 4872.6279 - val_fn: 141.2460 - 46s/epoch - 91ms/step
Epoch 48/300
510/510 - 48s - loss: 0.0127 - binary_accuracy: 0.9886 - precision: 0.9540 - recall: 0.9549 - prec_thr: 0.8094 - rec_thr: 0.7850 - auc_pr: 0.9911 - auc_roc: 0.9986 - tp: 1602.1700 - fp: 912.7220 - tn: 13336.2783 - fn: 438.8300 - val_loss: 0.0242 - val_binary_accuracy: 0.9712 - val_precision: 0.7687 - val_recall: 0.9345 - val_prec_thr: 0.6711 - val_rec_thr: 0.7803 - val_auc_pr: 0.9264 - val_auc_roc: 0.9928 - val_tp: 369.0830 - val_fp: 421.3050 - val_tn: 4793.6948 - val_fn: 103.9170 - 48s/epoch - 94ms/step
Epoch 49/300
510/510 - 46s - loss: 0.0123 - binary_accuracy: 0.9898 - precision: 0.9607 - recall: 0.9579 - prec_thr: 0.8233 - rec_thr: 0.7930 - auc_pr: 0.9916 - auc_roc: 0.9987 - tp: 1618.5940 - fp: 872.4260 - tn: 13376.5742 - fn: 422.4060 - val_loss: 0.0198 - val_binary_accuracy: 0.9800 - val_precision: 0.8701 - val_recall: 0.8922 - val_prec_thr: 0.7334 - val_rec_thr: 0.7345 - val_auc_pr: 0.9355 - val_auc_roc: 0.9939 - val_tp: 347.4400 - val_fp: 327.9440 - val_tn: 4887.0562 - val_fn: 125.5600 - 46s/epoch - 91ms/step
Epoch 50/300
510/510 - 45s - loss: 0.0121 - binary_accuracy: 0.9893 - precision: 0.9565 - recall: 0.9579 - prec_thr: 0.8120 - rec_thr: 0.7924 - auc_pr: 0.9922 - auc_roc: 0.9988 - tp: 1617.3130 - fp: 875.4350 - tn: 13373.5654 - fn: 423.6870 - val_loss: 0.0273 - val_binary_accuracy: 0.9662 - val_precision: 0.7277 - val_recall: 0.9493 - val_prec_thr: 0.6418 - val_rec_thr: 0.7970 - val_auc_pr: 0.9165 - val_auc_roc: 0.9926 - val_tp: 376.9620 - val_fp: 476.2420 - val_tn: 4738.7578 - val_fn: 96.0380 - 45s/epoch - 88ms/step
Epoch 51/300
510/510 - 45s - loss: 0.0122 - binary_accuracy: 0.9895 - precision: 0.9592 - recall: 0.9569 - prec_thr: 0.8224 - rec_thr: 0.7912 - auc_pr: 0.9910 - auc_roc: 0.9987 - tp: 1614.8979 - fp: 848.7180 - tn: 13400.2822 - fn: 426.1020 - val_loss: 0.0211 - val_binary_accuracy: 0.9766 - val_precision: 0.8728 - val_recall: 0.8414 - val_prec_thr: 0.7479 - val_rec_thr: 0.7065 - val_auc_pr: 0.9289 - val_auc_roc: 0.9935 - val_tp: 334.1860 - val_fp: 283.0520 - val_tn: 4931.9482 - val_fn: 138.8140 - 45s/epoch - 88ms/step
Epoch 52/300
510/510 - 45s - loss: 0.0119 - binary_accuracy: 0.9886 - precision: 0.9531 - recall: 0.9564 - prec_thr: 0.8224 - rec_thr: 0.7968 - auc_pr: 0.9925 - auc_roc: 0.9988 - tp: 1626.1770 - fp: 812.0890 - tn: 13436.9111 - fn: 414.8230 - val_loss: 0.0207 - val_binary_accuracy: 0.9777 - val_precision: 0.8516 - val_recall: 0.8858 - val_prec_thr: 0.7215 - val_rec_thr: 0.7485 - val_auc_pr: 0.9259 - val_auc_roc: 0.9935 - val_tp: 354.0400 - val_fp: 342.1950 - val_tn: 4872.8052 - val_fn: 118.9600 - 45s/epoch - 89ms/step
Epoch 53/300
510/510 - 46s - loss: 0.0122 - binary_accuracy: 0.9885 - precision: 0.9566 - recall: 0.9510 - prec_thr: 0.8171 - rec_thr: 0.7976 - auc_pr: 0.9918 - auc_roc: 0.9987 - tp: 1627.9520 - fp: 862.7050 - tn: 13386.2949 - fn: 413.0480 - val_loss: 0.0216 - val_binary_accuracy: 0.9761 - val_precision: 0.8891 - val_recall: 0.8140 - val_prec_thr: 0.7540 - val_rec_thr: 0.6767 - val_auc_pr: 0.9224 - val_auc_roc: 0.9933 - val_tp: 320.0780 - val_fp: 290.9590 - val_tn: 4924.0410 - val_fn: 152.9220 - 46s/epoch - 89ms/step
Epoch 54/300
510/510 - 46s - loss: 0.0115 - binary_accuracy: 0.9902 - precision: 0.9586 - recall: 0.9633 - prec_thr: 0.8242 - rec_thr: 0.7978 - auc_pr: 0.9927 - auc_roc: 0.9989 - tp: 1628.3781 - fp: 803.8260 - tn: 13445.1738 - fn: 412.6220 - val_loss: 0.0213 - val_binary_accuracy: 0.9763 - val_precision: 0.8189 - val_recall: 0.9175 - val_prec_thr: 0.7068 - val_rec_thr: 0.7683 - val_auc_pr: 0.9271 - val_auc_roc: 0.9936 - val_tp: 363.4260 - val_fp: 353.3470 - val_tn: 4861.6528 - val_fn: 109.5740 - 46s/epoch - 90ms/step
Epoch 55/300
510/510 - 45s - loss: 0.0117 - binary_accuracy: 0.9901 - precision: 0.9603 - recall: 0.9603 - prec_thr: 0.8256 - rec_thr: 0.7961 - auc_pr: 0.9923 - auc_roc: 0.9989 - tp: 1624.7700 - fp: 804.3590 - tn: 13444.6406 - fn: 416.2300 - val_loss: 0.0251 - val_binary_accuracy: 0.9729 - val_precision: 0.8650 - val_recall: 0.7992 - val_prec_thr: 0.7539 - val_rec_thr: 0.6838 - val_auc_pr: 0.8990 - val_auc_roc: 0.9916 - val_tp: 323.4470 - val_fp: 258.9830 - val_tn: 4956.0171 - val_fn: 149.5530 - 45s/epoch - 89ms/step
Epoch 56/300
510/510 - 46s - loss: 0.0116 - binary_accuracy: 0.9890 - precision: 0.9489 - recall: 0.9642 - prec_thr: 0.8271 - rec_thr: 0.7972 - auc_pr: 0.9925 - auc_roc: 0.9989 - tp: 1627.0720 - fp: 794.3320 - tn: 13454.6680 - fn: 413.9280 - val_loss: 0.0236 - val_binary_accuracy: 0.9735 - val_precision: 0.8693 - val_recall: 0.8013 - val_prec_thr: 0.7491 - val_rec_thr: 0.6701 - val_auc_pr: 0.9084 - val_auc_roc: 0.9918 - val_tp: 316.9390 - val_fp: 278.5630 - val_tn: 4936.4370 - val_fn: 156.0610 - 46s/epoch - 91ms/step
Epoch 57/300
510/510 - 46s - loss: 0.0110 - binary_accuracy: 0.9897 - precision: 0.9584 - recall: 0.9593 - prec_thr: 0.8354 - rec_thr: 0.8004 - auc_pr: 0.9937 - auc_roc: 0.9990 - tp: 1633.6110 - fp: 769.7780 - tn: 13479.2217 - fn: 407.3890 - val_loss: 0.0219 - val_binary_accuracy: 0.9777 - val_precision: 0.8516 - val_recall: 0.8858 - val_prec_thr: 0.7307 - val_rec_thr: 0.7559 - val_auc_pr: 0.9202 - val_auc_roc: 0.9930 - val_tp: 357.5510 - val_fp: 296.8380 - val_tn: 4918.1621 - val_fn: 115.4490 - 46s/epoch - 90ms/step
Epoch 58/300
510/510 - 47s - loss: 0.0112 - binary_accuracy: 0.9891 - precision: 0.9560 - recall: 0.9574 - prec_thr: 0.8334 - rec_thr: 0.8038 - auc_pr: 0.9932 - auc_roc: 0.9989 - tp: 1640.6030 - fp: 741.2400 - tn: 13507.7598 - fn: 400.3970 - val_loss: 0.0211 - val_binary_accuracy: 0.9754 - val_precision: 0.8725 - val_recall: 0.8245 - val_prec_thr: 0.7488 - val_rec_thr: 0.7053 - val_auc_pr: 0.9259 - val_auc_roc: 0.9929 - val_tp: 333.6150 - val_fp: 278.8860 - val_tn: 4936.1138 - val_fn: 139.3850 - 47s/epoch - 92ms/step
Epoch 59/300
510/510 - 46s - loss: 0.0109 - binary_accuracy: 0.9899 - precision: 0.9571 - recall: 0.9628 - prec_thr: 0.8362 - rec_thr: 0.8043 - auc_pr: 0.9938 - auc_roc: 0.9990 - tp: 1641.6300 - fp: 757.3980 - tn: 13491.6016 - fn: 399.3700 - val_loss: 0.0208 - val_binary_accuracy: 0.9761 - val_precision: 0.8337 - val_recall: 0.8901 - val_prec_thr: 0.7346 - val_rec_thr: 0.7520 - val_auc_pr: 0.9288 - val_auc_roc: 0.9934 - val_tp: 355.6730 - val_fp: 296.6100 - val_tn: 4918.3901 - val_fn: 117.3270 - 46s/epoch - 90ms/step
Epoch 60/300
510/510 - 46s - loss: 0.0112 - binary_accuracy: 0.9904 - precision: 0.9573 - recall: 0.9662 - prec_thr: 0.8402 - rec_thr: 0.8059 - auc_pr: 0.9924 - auc_roc: 0.9988 - tp: 1644.9130 - fp: 717.9570 - tn: 13531.0430 - fn: 396.0870 - val_loss: 0.0227 - val_binary_accuracy: 0.9742 - val_precision: 0.8064 - val_recall: 0.9070 - val_prec_thr: 0.7081 - val_rec_thr: 0.7651 - val_auc_pr: 0.9113 - val_auc_roc: 0.9927 - val_tp: 361.9000 - val_fp: 325.4450 - val_tn: 4889.5552 - val_fn: 111.1000 - 46s/epoch - 89ms/step
Epoch 61/300
510/510 - 47s - loss: 0.0116 - binary_accuracy: 0.9888 - precision: 0.9541 - recall: 0.9569 - prec_thr: 0.8092 - rec_thr: 0.7888 - auc_pr: 0.9919 - auc_roc: 0.9988 - tp: 1609.9530 - fp: 907.4830 - tn: 13341.5166 - fn: 431.0470 - val_loss: 0.0199 - val_binary_accuracy: 0.9775 - val_precision: 0.8586 - val_recall: 0.8732 - val_prec_thr: 0.7310 - val_rec_thr: 0.7249 - val_auc_pr: 0.9204 - val_auc_roc: 0.9933 - val_tp: 342.8620 - val_fp: 324.7900 - val_tn: 4890.2100 - val_fn: 130.1380 - 47s/epoch - 92ms/step
Epoch 62/300
510/510 - 47s - loss: 0.0110 - binary_accuracy: 0.9896 - precision: 0.9588 - recall: 0.9579 - prec_thr: 0.8220 - rec_thr: 0.8014 - auc_pr: 0.9931 - auc_roc: 0.9989 - tp: 1635.6021 - fp: 807.8650 - tn: 13441.1348 - fn: 405.3980 - val_loss: 0.0215 - val_binary_accuracy: 0.9745 - val_precision: 0.8475 - val_recall: 0.8457 - val_prec_thr: 0.7432 - val_rec_thr: 0.7241 - val_auc_pr: 0.9217 - val_auc_roc: 0.9928 - val_tp: 342.4830 - val_fp: 286.0680 - val_tn: 4928.9321 - val_fn: 130.5170 - 47s/epoch - 92ms/step
Epoch 63/300
510/510 - 47s - loss: 0.0096 - binary_accuracy: 0.9925 - precision: 0.9692 - recall: 0.9711 - prec_thr: 0.8356 - rec_thr: 0.8111 - auc_pr: 0.9956 - auc_roc: 0.9993 - tp: 1655.5031 - fp: 734.5050 - tn: 13514.4951 - fn: 385.4970 - val_loss: 0.0201 - val_binary_accuracy: 0.9768 - val_precision: 0.8501 - val_recall: 0.8753 - val_prec_thr: 0.7523 - val_rec_thr: 0.7395 - val_auc_pr: 0.9309 - val_auc_roc: 0.9936 - val_tp: 349.7610 - val_fp: 273.2930 - val_tn: 4941.7070 - val_fn: 123.2390 - 47s/epoch - 93ms/step
Epoch 64/300
510/510 - 46s - loss: 0.0097 - binary_accuracy: 0.9918 - precision: 0.9681 - recall: 0.9662 - prec_thr: 0.8458 - rec_thr: 0.8163 - auc_pr: 0.9956 - auc_roc: 0.9993 - tp: 1666.0350 - fp: 694.8250 - tn: 13554.1748 - fn: 374.9650 - val_loss: 0.0204 - val_binary_accuracy: 0.9778 - val_precision: 0.8916 - val_recall: 0.8351 - val_prec_thr: 0.7847 - val_rec_thr: 0.7042 - val_auc_pr: 0.9355 - val_auc_roc: 0.9939 - val_tp: 333.1010 - val_fp: 231.4510 - val_tn: 4983.5488 - val_fn: 139.8990 - 46s/epoch - 89ms/step
Epoch 65/300
510/510 - 47s - loss: 0.0117 - binary_accuracy: 0.9891 - precision: 0.9542 - recall: 0.9588 - prec_thr: 0.8276 - rec_thr: 0.8009 - auc_pr: 0.9917 - auc_roc: 0.9987 - tp: 1634.6851 - fp: 837.1970 - tn: 13411.8027 - fn: 406.3150 - val_loss: 0.0215 - val_binary_accuracy: 0.9764 - val_precision: 0.8266 - val_recall: 0.9070 - val_prec_thr: 0.7163 - val_rec_thr: 0.7554 - val_auc_pr: 0.9142 - val_auc_roc: 0.9928 - val_tp: 357.3100 - val_fp: 334.6900 - val_tn: 4880.3101 - val_fn: 115.6900 - 47s/epoch - 92ms/step
Epoch 66/300
510/510 - 47s - loss: 0.0111 - binary_accuracy: 0.9899 - precision: 0.9589 - recall: 0.9608 - prec_thr: 0.8235 - rec_thr: 0.8072 - auc_pr: 0.9928 - auc_roc: 0.9989 - tp: 1647.5510 - fp: 852.9460 - tn: 13396.0537 - fn: 393.4490 - val_loss: 0.0213 - val_binary_accuracy: 0.9777 - val_precision: 0.8460 - val_recall: 0.8943 - val_prec_thr: 0.7310 - val_rec_thr: 0.7513 - val_auc_pr: 0.9147 - val_auc_roc: 0.9930 - val_tp: 355.3450 - val_fp: 316.5230 - val_tn: 4898.4771 - val_fn: 117.6550 - 47s/epoch - 92ms/step
Epoch 67/300
510/510 - 45s - loss: 0.0094 - binary_accuracy: 0.9927 - precision: 0.9702 - recall: 0.9716 - prec_thr: 0.8447 - rec_thr: 0.8197 - auc_pr: 0.9958 - auc_roc: 0.9994 - tp: 1672.9860 - fp: 726.0890 - tn: 13522.9111 - fn: 368.0140 - val_loss: 0.0207 - val_binary_accuracy: 0.9777 - val_precision: 0.8794 - val_recall: 0.8478 - val_prec_thr: 0.7716 - val_rec_thr: 0.7239 - val_auc_pr: 0.9306 - val_auc_roc: 0.9935 - val_tp: 342.4060 - val_fp: 253.6780 - val_tn: 4961.3218 - val_fn: 130.5940 - 45s/epoch - 88ms/step
Epoch 68/300
510/510 - 46s - loss: 0.0095 - binary_accuracy: 0.9926 - precision: 0.9683 - recall: 0.9731 - prec_thr: 0.8471 - rec_thr: 0.8192 - auc_pr: 0.9957 - auc_roc: 0.9993 - tp: 1671.9780 - fp: 689.6950 - tn: 13559.3047 - fn: 369.0220 - val_loss: 0.0242 - val_binary_accuracy: 0.9749 - val_precision: 0.8102 - val_recall: 0.9112 - val_prec_thr: 0.7166 - val_rec_thr: 0.7771 - val_auc_pr: 0.9061 - val_auc_roc: 0.9924 - val_tp: 367.5870 - val_fp: 303.1240 - val_tn: 4911.8760 - val_fn: 105.4130 - 46s/epoch - 89ms/step
Epoch 69/300
510/510 - 45s - loss: 0.0096 - binary_accuracy: 0.9920 - precision: 0.9677 - recall: 0.9686 - prec_thr: 0.8496 - rec_thr: 0.8241 - auc_pr: 0.9954 - auc_roc: 0.9993 - tp: 1681.9850 - fp: 676.7530 - tn: 13572.2471 - fn: 359.0150 - val_loss: 0.0244 - val_binary_accuracy: 0.9750 - val_precision: 0.8544 - val_recall: 0.8436 - val_prec_thr: 0.7684 - val_rec_thr: 0.7268 - val_auc_pr: 0.8962 - val_auc_roc: 0.9924 - val_tp: 343.7800 - val_fp: 235.8660 - val_tn: 4979.1338 - val_fn: 129.2200 - 45s/epoch - 88ms/step
Epoch 70/300
510/510 - 45s - loss: 0.0097 - binary_accuracy: 0.9920 - precision: 0.9695 - recall: 0.9667 - prec_thr: 0.8543 - rec_thr: 0.8234 - auc_pr: 0.9949 - auc_roc: 0.9992 - tp: 1680.4950 - fp: 645.5120 - tn: 13603.4883 - fn: 360.5050 - val_loss: 0.0282 - val_binary_accuracy: 0.9703 - val_precision: 0.7657 - val_recall: 0.9260 - val_prec_thr: 0.6957 - val_rec_thr: 0.8059 - val_auc_pr: 0.8988 - val_auc_roc: 0.9916 - val_tp: 381.1720 - val_fp: 331.9000 - val_tn: 4883.1001 - val_fn: 91.8280 - 45s/epoch - 88ms/step
Epoch 71/300
510/510 - 45s - loss: 0.0090 - binary_accuracy: 0.9933 - precision: 0.9726 - recall: 0.9740 - prec_thr: 0.8528 - rec_thr: 0.8245 - auc_pr: 0.9961 - auc_roc: 0.9994 - tp: 1682.7560 - fp: 658.5680 - tn: 13590.4316 - fn: 358.2440 - val_loss: 0.0220 - val_binary_accuracy: 0.9761 - val_precision: 0.8655 - val_recall: 0.8436 - val_prec_thr: 0.7776 - val_rec_thr: 0.7341 - val_auc_pr: 0.9287 - val_auc_roc: 0.9931 - val_tp: 347.2230 - val_fp: 227.3380 - val_tn: 4987.6621 - val_fn: 125.7770 - 45s/epoch - 89ms/step
Epoch 72/300
510/510 - 47s - loss: 0.0098 - binary_accuracy: 0.9905 - precision: 0.9636 - recall: 0.9608 - prec_thr: 0.8494 - rec_thr: 0.8201 - auc_pr: 0.9950 - auc_roc: 0.9992 - tp: 1673.8690 - fp: 643.5790 - tn: 13605.4209 - fn: 367.1310 - val_loss: 0.0225 - val_binary_accuracy: 0.9749 - val_precision: 0.8340 - val_recall: 0.8710 - val_prec_thr: 0.7494 - val_rec_thr: 0.7540 - val_auc_pr: 0.9207 - val_auc_roc: 0.9926 - val_tp: 356.6650 - val_fp: 261.3570 - val_tn: 4953.6431 - val_fn: 116.3350 - 47s/epoch - 92ms/step
Epoch 73/300
510/510 - 47s - loss: 0.0093 - binary_accuracy: 0.9920 - precision: 0.9668 - recall: 0.9691 - prec_thr: 0.8545 - rec_thr: 0.8231 - auc_pr: 0.9957 - auc_roc: 0.9993 - tp: 1679.8850 - fp: 634.4350 - tn: 13614.5654 - fn: 361.1150 - val_loss: 0.0227 - val_binary_accuracy: 0.9750 - val_precision: 0.8840 - val_recall: 0.8055 - val_prec_thr: 0.7970 - val_rec_thr: 0.7083 - val_auc_pr: 0.9257 - val_auc_roc: 0.9933 - val_tp: 335.0080 - val_fp: 203.4520 - val_tn: 5011.5479 - val_fn: 137.9920 - 47s/epoch - 92ms/step
Epoch 74/300
510/510 - 56s - loss: 0.0093 - binary_accuracy: 0.9915 - precision: 0.9657 - recall: 0.9667 - prec_thr: 0.8573 - rec_thr: 0.8278 - auc_pr: 0.9957 - auc_roc: 0.9993 - tp: 1689.6310 - fp: 617.2720 - tn: 13631.7275 - fn: 351.3690 - val_loss: 0.0247 - val_binary_accuracy: 0.9743 - val_precision: 0.8200 - val_recall: 0.8858 - val_prec_thr: 0.7488 - val_rec_thr: 0.7793 - val_auc_pr: 0.9118 - val_auc_roc: 0.9926 - val_tp: 368.6230 - val_fp: 246.3280 - val_tn: 4968.6719 - val_fn: 104.3770 - 56s/epoch - 109ms/step
Epoch 75/300
510/510 - 46s - loss: 0.0087 - binary_accuracy: 0.9926 - precision: 0.9692 - recall: 0.9716 - prec_thr: 0.8593 - rec_thr: 0.8295 - auc_pr: 0.9965 - auc_roc: 0.9995 - tp: 1692.9880 - fp: 598.1550 - tn: 13650.8447 - fn: 348.0120 - val_loss: 0.0276 - val_binary_accuracy: 0.9724 - val_precision: 0.8911 - val_recall: 0.7611 - val_prec_thr: 0.8109 - val_rec_thr: 0.6791 - val_auc_pr: 0.9112 - val_auc_roc: 0.9923 - val_tp: 321.2100 - val_fp: 173.0480 - val_tn: 5041.9521 - val_fn: 151.7900 - 46s/epoch - 91ms/step
Epoch 76/300
510/510 - 45s - loss: 0.0087 - binary_accuracy: 0.9931 - precision: 0.9707 - recall: 0.9740 - prec_thr: 0.8688 - rec_thr: 0.8342 - auc_pr: 0.9963 - auc_roc: 0.9994 - tp: 1702.6570 - fp: 563.1160 - tn: 13685.8838 - fn: 338.3430 - val_loss: 0.0230 - val_binary_accuracy: 0.9752 - val_precision: 0.8722 - val_recall: 0.8224 - val_prec_thr: 0.7864 - val_rec_thr: 0.7228 - val_auc_pr: 0.9222 - val_auc_roc: 0.9929 - val_tp: 341.8820 - val_fp: 212.6330 - val_tn: 5002.3672 - val_fn: 131.1180 - 45s/epoch - 88ms/step
Epoch 77/300
510/510 - 44s - loss: 0.0088 - binary_accuracy: 0.9932 - precision: 0.9712 - recall: 0.9750 - prec_thr: 0.8634 - rec_thr: 0.8314 - auc_pr: 0.9963 - auc_roc: 0.9994 - tp: 1696.8990 - fp: 588.0450 - tn: 13660.9551 - fn: 344.1010 - val_loss: 0.0231 - val_binary_accuracy: 0.9757 - val_precision: 0.8904 - val_recall: 0.8076 - val_prec_thr: 0.7947 - val_rec_thr: 0.7147 - val_auc_pr: 0.9273 - val_auc_roc: 0.9929 - val_tp: 338.0520 - val_fp: 207.6500 - val_tn: 5007.3501 - val_fn: 134.9480 - 44s/epoch - 86ms/step
Epoch 78/300
510/510 - 44s - loss: 0.0082 - binary_accuracy: 0.9937 - precision: 0.9727 - recall: 0.9775 - prec_thr: 0.8667 - rec_thr: 0.8368 - auc_pr: 0.9971 - auc_roc: 0.9996 - tp: 1707.9740 - fp: 570.0290 - tn: 13678.9707 - fn: 333.0260 - val_loss: 0.0254 - val_binary_accuracy: 0.9729 - val_precision: 0.7937 - val_recall: 0.9112 - val_prec_thr: 0.7325 - val_rec_thr: 0.8032 - val_auc_pr: 0.9133 - val_auc_roc: 0.9928 - val_tp: 379.9330 - val_fp: 257.2050 - val_tn: 4957.7949 - val_fn: 93.0670 - 44s/epoch - 87ms/step
Epoch 79/300
510/510 - 44s - loss: 0.0078 - binary_accuracy: 0.9947 - precision: 0.9752 - recall: 0.9829 - prec_thr: 0.8731 - rec_thr: 0.8418 - auc_pr: 0.9974 - auc_roc: 0.9996 - tp: 1718.0320 - fp: 512.3920 - tn: 13736.6084 - fn: 322.9680 - val_loss: 0.0271 - val_binary_accuracy: 0.9722 - val_precision: 0.7944 - val_recall: 0.8985 - val_prec_thr: 0.7321 - val_rec_thr: 0.7774 - val_auc_pr: 0.9002 - val_auc_roc: 0.9913 - val_tp: 367.7120 - val_fp: 250.1870 - val_tn: 4964.8130 - val_fn: 105.2880 - 44s/epoch - 87ms/step
Epoch 80/300
510/510 - 45s - loss: 0.0082 - binary_accuracy: 0.9934 - precision: 0.9712 - recall: 0.9765 - prec_thr: 0.8738 - rec_thr: 0.8382 - auc_pr: 0.9971 - auc_roc: 0.9996 - tp: 1710.8490 - fp: 511.9600 - tn: 13737.0400 - fn: 330.1510 - val_loss: 0.0237 - val_binary_accuracy: 0.9745 - val_precision: 0.8534 - val_recall: 0.8372 - val_prec_thr: 0.7766 - val_rec_thr: 0.7261 - val_auc_pr: 0.9142 - val_auc_roc: 0.9925 - val_tp: 343.4280 - val_fp: 206.5240 - val_tn: 5008.4761 - val_fn: 129.5720 - 45s/epoch - 88ms/step
Epoch 81/300
510/510 - 47s - loss: 0.0076 - binary_accuracy: 0.9945 - precision: 0.9780 - recall: 0.9780 - prec_thr: 0.8769 - rec_thr: 0.8467 - auc_pr: 0.9978 - auc_roc: 0.9997 - tp: 1728.1830 - fp: 495.8960 - tn: 13753.1035 - fn: 312.8170 - val_loss: 0.0242 - val_binary_accuracy: 0.9752 - val_precision: 0.8242 - val_recall: 0.8922 - val_prec_thr: 0.7545 - val_rec_thr: 0.7948 - val_auc_pr: 0.9159 - val_auc_roc: 0.9932 - val_tp: 375.9440 - val_fp: 230.8180 - val_tn: 4984.1821 - val_fn: 97.0560 - 47s/epoch - 92ms/step
Epoch 82/300
510/510 - 47s - loss: 0.0087 - binary_accuracy: 0.9926 - precision: 0.9674 - recall: 0.9735 - prec_thr: 0.8695 - rec_thr: 0.8346 - auc_pr: 0.9961 - auc_roc: 0.9994 - tp: 1703.4680 - fp: 534.9250 - tn: 13714.0752 - fn: 337.5320 - val_loss: 0.0270 - val_binary_accuracy: 0.9708 - val_precision: 0.7806 - val_recall: 0.9027 - val_prec_thr: 0.7229 - val_rec_thr: 0.8061 - val_auc_pr: 0.9113 - val_auc_roc: 0.9919 - val_tp: 381.2870 - val_fp: 277.4780 - val_tn: 4937.5220 - val_fn: 91.7130 - 47s/epoch - 92ms/step
Epoch 83/300
510/510 - 45s - loss: 0.0078 - binary_accuracy: 0.9939 - precision: 0.9741 - recall: 0.9770 - prec_thr: 0.8744 - rec_thr: 0.8456 - auc_pr: 0.9971 - auc_roc: 0.9996 - tp: 1725.9160 - fp: 512.0640 - tn: 13736.9355 - fn: 315.0840 - val_loss: 0.0227 - val_binary_accuracy: 0.9754 - val_precision: 0.8147 - val_recall: 0.9112 - val_prec_thr: 0.7483 - val_rec_thr: 0.7995 - val_auc_pr: 0.9252 - val_auc_roc: 0.9936 - val_tp: 378.1410 - val_fp: 242.9040 - val_tn: 4972.0962 - val_fn: 94.8590 - 45s/epoch - 89ms/step
Epoch 84/300
510/510 - 50s - loss: 0.0085 - binary_accuracy: 0.9931 - precision: 0.9739 - recall: 0.9706 - prec_thr: 0.8642 - rec_thr: 0.8391 - auc_pr: 0.9962 - auc_roc: 0.9994 - tp: 1712.6880 - fp: 545.0630 - tn: 13703.9365 - fn: 328.3120 - val_loss: 0.0246 - val_binary_accuracy: 0.9754 - val_precision: 0.8377 - val_recall: 0.8732 - val_prec_thr: 0.7711 - val_rec_thr: 0.7726 - val_auc_pr: 0.9140 - val_auc_roc: 0.9927 - val_tp: 365.4370 - val_fp: 203.3910 - val_tn: 5011.6089 - val_fn: 107.5630 - 50s/epoch - 98ms/step
Epoch 85/300
510/510 - 45s - loss: 0.0082 - binary_accuracy: 0.9937 - precision: 0.9745 - recall: 0.9755 - prec_thr: 0.8717 - rec_thr: 0.8418 - auc_pr: 0.9965 - auc_roc: 0.9995 - tp: 1718.1420 - fp: 503.5480 - tn: 13745.4521 - fn: 322.8580 - val_loss: 0.0271 - val_binary_accuracy: 0.9708 - val_precision: 0.7756 - val_recall: 0.9133 - val_prec_thr: 0.6949 - val_rec_thr: 0.7941 - val_auc_pr: 0.9106 - val_auc_roc: 0.9910 - val_tp: 375.6210 - val_fp: 325.8960 - val_tn: 4889.1040 - val_fn: 97.3790 - 45s/epoch - 89ms/step
Epoch 86/300
510/510 - 46s - loss: 0.0075 - binary_accuracy: 0.9945 - precision: 0.9752 - recall: 0.9809 - prec_thr: 0.8771 - rec_thr: 0.8462 - auc_pr: 0.9976 - auc_roc: 0.9996 - tp: 1727.0590 - fp: 506.0850 - tn: 13742.9150 - fn: 313.9410 - val_loss: 0.0318 - val_binary_accuracy: 0.9684 - val_precision: 0.8992 - val_recall: 0.6977 - val_prec_thr: 0.8349 - val_rec_thr: 0.6334 - val_auc_pr: 0.9115 - val_auc_roc: 0.9928 - val_tp: 299.6060 - val_fp: 134.9600 - val_tn: 5080.0400 - val_fn: 173.3940 - 46s/epoch - 89ms/step
Epoch 87/300
510/510 - 46s - loss: 0.0073 - binary_accuracy: 0.9939 - precision: 0.9764 - recall: 0.9750 - prec_thr: 0.8823 - rec_thr: 0.8486 - auc_pr: 0.9979 - auc_roc: 0.9997 - tp: 1732.0790 - fp: 468.7270 - tn: 13780.2734 - fn: 308.9210 - val_loss: 0.0244 - val_binary_accuracy: 0.9720 - val_precision: 0.7918 - val_recall: 0.9006 - val_prec_thr: 0.7403 - val_rec_thr: 0.8023 - val_auc_pr: 0.9231 - val_auc_roc: 0.9928 - val_tp: 379.4690 - val_fp: 246.4770 - val_tn: 4968.5229 - val_fn: 93.5310 - 46s/epoch - 90ms/step
Epoch 88/300
510/510 - 46s - loss: 0.0102 - binary_accuracy: 0.9904 - precision: 0.9595 - recall: 0.9642 - prec_thr: 0.8463 - rec_thr: 0.8233 - auc_pr: 0.9932 - auc_roc: 0.9989 - tp: 1680.4180 - fp: 674.4040 - tn: 13574.5957 - fn: 360.5820 - val_loss: 0.0206 - val_binary_accuracy: 0.9778 - val_precision: 0.8668 - val_recall: 0.8668 - val_prec_thr: 0.7706 - val_rec_thr: 0.7354 - val_auc_pr: 0.9216 - val_auc_roc: 0.9933 - val_tp: 347.8320 - val_fp: 229.2250 - val_tn: 4985.7749 - val_fn: 125.1680 - 46s/epoch - 91ms/step
Epoch 89/300
510/510 - 45s - loss: 0.0074 - binary_accuracy: 0.9944 - precision: 0.9761 - recall: 0.9794 - prec_thr: 0.8700 - rec_thr: 0.8434 - auc_pr: 0.9977 - auc_roc: 0.9997 - tp: 1721.4449 - fp: 541.9850 - tn: 13707.0146 - fn: 319.5550 - val_loss: 0.0241 - val_binary_accuracy: 0.9729 - val_precision: 0.9018 - val_recall: 0.7569 - val_prec_thr: 0.8205 - val_rec_thr: 0.6685 - val_auc_pr: 0.9239 - val_auc_roc: 0.9934 - val_tp: 316.1990 - val_fp: 160.4650 - val_tn: 5054.5352 - val_fn: 156.8010 - 45s/epoch - 87ms/step
Epoch 90/300
510/510 - 46s - loss: 0.0073 - binary_accuracy: 0.9948 - precision: 0.9771 - recall: 0.9814 - prec_thr: 0.8785 - rec_thr: 0.8481 - auc_pr: 0.9974 - auc_roc: 0.9996 - tp: 1730.8900 - fp: 496.0880 - tn: 13752.9121 - fn: 310.1100 - val_loss: 0.0233 - val_binary_accuracy: 0.9761 - val_precision: 0.8259 - val_recall: 0.9027 - val_prec_thr: 0.7426 - val_rec_thr: 0.7862 - val_auc_pr: 0.9135 - val_auc_roc: 0.9928 - val_tp: 371.8960 - val_fp: 240.5470 - val_tn: 4974.4531 - val_fn: 101.1040 - 46s/epoch - 90ms/step
Epoch 91/300
510/510 - 47s - loss: 0.0069 - binary_accuracy: 0.9952 - precision: 0.9795 - recall: 0.9819 - prec_thr: 0.8812 - rec_thr: 0.8533 - auc_pr: 0.9981 - auc_roc: 0.9997 - tp: 1741.5520 - fp: 475.9820 - tn: 13773.0176 - fn: 299.4480 - val_loss: 0.0251 - val_binary_accuracy: 0.9727 - val_precision: 0.8647 - val_recall: 0.7970 - val_prec_thr: 0.7970 - val_rec_thr: 0.6995 - val_auc_pr: 0.9139 - val_auc_roc: 0.9923 - val_tp: 330.8810 - val_fp: 172.9290 - val_tn: 5042.0708 - val_fn: 142.1190 - 47s/epoch - 92ms/step
Epoch 92/300
510/510 - 45s - loss: 0.0071 - binary_accuracy: 0.9942 - precision: 0.9760 - recall: 0.9780 - prec_thr: 0.8842 - rec_thr: 0.8522 - auc_pr: 0.9978 - auc_roc: 0.9997 - tp: 1739.3110 - fp: 452.6020 - tn: 13796.3984 - fn: 301.6890 - val_loss: 0.0247 - val_binary_accuracy: 0.9752 - val_precision: 0.8722 - val_recall: 0.8224 - val_prec_thr: 0.8016 - val_rec_thr: 0.7251 - val_auc_pr: 0.9145 - val_auc_roc: 0.9928 - val_tp: 342.9640 - val_fp: 163.4370 - val_tn: 5051.5630 - val_fn: 130.0360 - 45s/epoch - 89ms/step
Epoch 93/300
510/510 - 45s - loss: 0.0068 - binary_accuracy: 0.9959 - precision: 0.9829 - recall: 0.9848 - prec_thr: 0.8898 - rec_thr: 0.8590 - auc_pr: 0.9980 - auc_roc: 0.9997 - tp: 1753.2900 - fp: 439.2850 - tn: 13809.7148 - fn: 287.7100 - val_loss: 0.0239 - val_binary_accuracy: 0.9761 - val_precision: 0.8720 - val_recall: 0.8351 - val_prec_thr: 0.8057 - val_rec_thr: 0.7357 - val_auc_pr: 0.9233 - val_auc_roc: 0.9932 - val_tp: 347.9880 - val_fp: 159.8670 - val_tn: 5055.1328 - val_fn: 125.0120 - 45s/epoch - 88ms/step
Epoch 94/300
510/510 - 45s - loss: 0.0070 - binary_accuracy: 0.9942 - precision: 0.9765 - recall: 0.9770 - prec_thr: 0.8852 - rec_thr: 0.8537 - auc_pr: 0.9979 - auc_roc: 0.9997 - tp: 1742.3719 - fp: 416.2870 - tn: 13832.7129 - fn: 298.6280 - val_loss: 0.0251 - val_binary_accuracy: 0.9749 - val_precision: 0.8634 - val_recall: 0.8288 - val_prec_thr: 0.8019 - val_rec_thr: 0.7162 - val_auc_pr: 0.9137 - val_auc_roc: 0.9926 - val_tp: 338.7410 - val_fp: 154.0200 - val_tn: 5060.9800 - val_fn: 134.2590 - 45s/epoch - 88ms/step
Epoch 95/300
510/510 - 46s - loss: 0.0061 - binary_accuracy: 0.9961 - precision: 0.9843 - recall: 0.9848 - prec_thr: 0.8956 - rec_thr: 0.8681 - auc_pr: 0.9989 - auc_roc: 0.9998 - tp: 1771.8920 - fp: 398.1910 - tn: 13850.8086 - fn: 269.1080 - val_loss: 0.0330 - val_binary_accuracy: 0.9710 - val_precision: 0.8990 - val_recall: 0.7336 - val_prec_thr: 0.8363 - val_rec_thr: 0.6598 - val_auc_pr: 0.9070 - val_auc_roc: 0.9918 - val_tp: 312.0700 - val_fp: 118.1580 - val_tn: 5096.8418 - val_fn: 160.9300 - 46s/epoch - 91ms/step
Epoch 96/300
510/510 - 45s - loss: 0.0068 - binary_accuracy: 0.9952 - precision: 0.9785 - recall: 0.9833 - prec_thr: 0.8937 - rec_thr: 0.8643 - auc_pr: 0.9982 - auc_roc: 0.9997 - tp: 1764.1000 - fp: 394.2940 - tn: 13854.7061 - fn: 276.9000 - val_loss: 0.0253 - val_binary_accuracy: 0.9761 - val_precision: 0.9021 - val_recall: 0.7992 - val_prec_thr: 0.8221 - val_rec_thr: 0.6885 - val_auc_pr: 0.9185 - val_auc_roc: 0.9926 - val_tp: 325.6840 - val_fp: 141.3560 - val_tn: 5073.6440 - val_fn: 147.3160 - 45s/epoch - 89ms/step
Epoch 97/300
510/510 - 44s - loss: 0.0063 - binary_accuracy: 0.9952 - precision: 0.9776 - recall: 0.9843 - prec_thr: 0.8975 - rec_thr: 0.8637 - auc_pr: 0.9986 - auc_roc: 0.9998 - tp: 1762.8950 - fp: 385.6550 - tn: 13863.3447 - fn: 278.1050 - val_loss: 0.0248 - val_binary_accuracy: 0.9740 - val_precision: 0.8119 - val_recall: 0.8943 - val_prec_thr: 0.7461 - val_rec_thr: 0.7885 - val_auc_pr: 0.9190 - val_auc_roc: 0.9922 - val_tp: 372.9530 - val_fp: 219.9890 - val_tn: 4995.0112 - val_fn: 100.0470 - 44s/epoch - 86ms/step
Epoch 98/300
510/510 - 46s - loss: 0.0073 - binary_accuracy: 0.9938 - precision: 0.9760 - recall: 0.9745 - prec_thr: 0.8872 - rec_thr: 0.8549 - auc_pr: 0.9969 - auc_roc: 0.9996 - tp: 1744.9250 - fp: 414.4780 - tn: 13834.5225 - fn: 296.0750 - val_loss: 0.0242 - val_binary_accuracy: 0.9761 - val_precision: 0.9021 - val_recall: 0.7992 - val_prec_thr: 0.8238 - val_rec_thr: 0.6949 - val_auc_pr: 0.9279 - val_auc_roc: 0.9932 - val_tp: 328.6770 - val_fp: 139.8510 - val_tn: 5075.1489 - val_fn: 144.3230 - 46s/epoch - 90ms/step
Epoch 99/300
Restoring model weights from the end of the best epoch: 49.
510/510 - 47s - loss: 0.0059 - binary_accuracy: 0.9962 - precision: 0.9848 - recall: 0.9848 - prec_thr: 0.9027 - rec_thr: 0.8709 - auc_pr: 0.9990 - auc_roc: 0.9999 - tp: 1777.4650 - fp: 358.6650 - tn: 13890.3350 - fn: 263.5350 - val_loss: 0.0247 - val_binary_accuracy: 0.9727 - val_precision: 0.8841 - val_recall: 0.7738 - val_prec_thr: 0.8271 - val_rec_thr: 0.7084 - val_auc_pr: 0.9299 - val_auc_roc: 0.9933 - val_tp: 335.0770 - val_fp: 129.8740 - val_tn: 5085.1260 - val_fn: 137.9230 - 47s/epoch - 92ms/step
Epoch 99: early stopping
